<?xml version="1.0" encoding="UTF-8" ?>
<testsuite tests="14" failures="0" name="com.BlueBird.Runner.SequentialRunnerTest" time="15.161" errors="0" skipped="0">
  <properties>
    <property name="java.runtime.name" value="Java(TM) SE Runtime Environment"/>
    <property name="java.vm.version" value="11.0.10+8-LTS-162"/>
    <property name="sun.boot.library.path" value="C:\Program Files\Java\jdk-11.0.10\bin"/>
    <property name="maven.multiModuleProjectDirectory" value="C:\Users\sumit.soni\git\VCucumber\VeridauCucumber1"/>
    <property name="java.vm.vendor" value="Oracle Corporation"/>
    <property name="java.vendor.url" value="https://openjdk.java.net/"/>
    <property name="guice.disable.misplaced.annotation.check" value="true"/>
    <property name="path.separator" value=";"/>
    <property name="java.vm.name" value="Java HotSpot(TM) 64-Bit Server VM"/>
    <property name="sun.os.patch.level" value=""/>
    <property name="user.script" value=""/>
    <property name="user.country" value="IN"/>
    <property name="sun.java.launcher" value="SUN_STANDARD"/>
    <property name="java.vm.specification.name" value="Java Virtual Machine Specification"/>
    <property name="user.dir" value="C:\Users\sumit.soni\git\VCucumber\VeridauCucumber1"/>
    <property name="java.vm.compressedOopsMode" value="32-bit"/>
    <property name="java.runtime.version" value="11.0.10+8-LTS-162"/>
    <property name="java.awt.graphicsenv" value="sun.awt.Win32GraphicsEnvironment"/>
    <property name="os.arch" value="amd64"/>
    <property name="java.io.tmpdir" value="C:\Users\SUMIT~1.SON\AppData\Local\Temp\"/>
    <property name="line.separator" value="
"/>
    <property name="java.vm.specification.vendor" value="Oracle Corporation"/>
    <property name="user.variant" value=""/>
    <property name="os.name" value="Windows 10"/>
    <property name="classworlds.conf" value="C:\apache-maven-3.6.3\bin\..\bin\m2.conf"/>
    <property name="sun.jnu.encoding" value="Cp1252"/>
    <property name="java.library.path" value="C:\Program Files\Java\jdk-11.0.10\bin;C:\WINDOWS\Sun\Java\bin;C:\WINDOWS\system32;C:\WINDOWS;C:\Program Files\Common Files\Oracle\Java\javapath;C:\Program Files (x86)\Common Files\Oracle\Java\javapath;C:\WINDOWS\system32;C:\WINDOWS;C:\WINDOWS\System32\Wbem;C:\WINDOWS\System32\WindowsPowerShell\v1.0\;E:\apache-maven-3.6.3-bin\apache-maven-3.6.3\bin;C:\Program Files\Java\jdk-11.0.10\bin;C:\Program Files (x86)\GitExtensions\;C:\Program Files\Git\cmd;C:\apache-maven-3.6.3\bin;C:\allure-2.13.5\bin;C:\WINDOWS\System32\OpenSSH\;C:\Program Files\nodejs\;C:\Android\platform-tools;C:\gaitling\gatling-charts-highcharts-bundle-3.5.1\bin;C:\Users\sumit.soni\AppData\Local\Microsoft\WindowsApps;C:\Program Files (x86)\Sophos\Sophos SSL VPN Client\bin;C:\Users\sumit.soni\AppData\Local\GitHubDesktop\bin;C:\Users\sumit.soni\AppData\Roaming\npm;C:\Users\sumit.soni\AppData\Local\Programs\Microsoft VS Code\bin;."/>
    <property name="maven.conf" value="C:\apache-maven-3.6.3\bin\../conf"/>
    <property name="jdk.debug" value="release"/>
    <property name="java.class.version" value="55.0"/>
    <property name="java.specification.name" value="Java Platform API Specification"/>
    <property name="sun.management.compiler" value="HotSpot 64-Bit Tiered Compilers"/>
    <property name="os.version" value="10.0"/>
    <property name="library.jansi.path" value="C:\apache-maven-3.6.3\bin\..\lib\jansi-native"/>
    <property name="user.home" value="C:\Users\sumit.soni"/>
    <property name="user.timezone" value="Asia/Calcutta"/>
    <property name="java.awt.printerjob" value="sun.awt.windows.WPrinterJob"/>
    <property name="file.encoding" value="Cp1252"/>
    <property name="java.specification.version" value="11"/>
    <property name="user.name" value="sumit.soni"/>
    <property name="java.class.path" value="C:\apache-maven-3.6.3\bin\..\boot\plexus-classworlds-2.6.0.jar"/>
    <property name="java.vm.specification.version" value="11"/>
    <property name="sun.arch.data.model" value="64"/>
    <property name="sun.java.command" value="org.codehaus.plexus.classworlds.launcher.Launcher test"/>
    <property name="java.home" value="C:\Program Files\Java\jdk-11.0.10"/>
    <property name="user.language" value="en"/>
    <property name="java.specification.vendor" value="Oracle Corporation"/>
    <property name="awt.toolkit" value="sun.awt.windows.WToolkit"/>
    <property name="java.vm.info" value="mixed mode"/>
    <property name="java.version" value="11.0.10"/>
    <property name="java.vendor" value="Oracle Corporation"/>
    <property name="sun.stderr.encoding" value="cp437"/>
    <property name="maven.home" value="C:\apache-maven-3.6.3\bin\.."/>
    <property name="file.separator" value="\"/>
    <property name="java.version.date" value="2021-01-19"/>
    <property name="java.vendor.url.bug" value="https://bugreport.java.com/bugreport/"/>
    <property name="sun.io.unicode.encoding" value="UnicodeLittle"/>
    <property name="sun.cpu.endian" value="little"/>
    <property name="java.vendor.version" value="18.9"/>
    <property name="sun.stdout.encoding" value="cp437"/>
    <property name="sun.desktop" value="windows"/>
    <property name="sun.cpu.isalist" value="amd64"/>
  </properties>
  <testcase classname="Scenario: Validate Digital Workspace options scenario" name="Given I do login with admin user" time="0.006"/>
  <testcase classname="Scenario: Validate Digital Workspace options scenario" name="And I click on AdminHQ" time="0"/>
  <testcase classname="Scenario: Validate Digital Workspace options scenario" name="And I verify AdminHQ page title" time="0"/>
  <testcase classname="Scenario: Validate Digital Workspace options scenario" name="Then I return to DigitalWorkSpace page" time="0"/>
  <testcase classname="Scenario: Validate Digital Workspace options scenario" name="And I click on UserManager button" time="0"/>
  <testcase classname="Scenario: Validate Digital Workspace options scenario" name="And I verify UserManager page title" time="0"/>
  <testcase classname="Scenario: Validate Digital Workspace options scenario" name="Then I return to DigitalWorkSpace page" time="0"/>
  <testcase classname="Scenario: Validate Digital Workspace options scenario" name="And I click on Queues Option" time="0"/>
  <testcase classname="Scenario: Validate Digital Workspace options scenario" name="And I verify Queues page title" time="0"/>
  <testcase classname="Scenario: Validate Digital Workspace options scenario" name="Then I return to DigitalWorkSpace page" time="0"/>
  <testcase classname="Scenario: Validate Digital Workspace options scenario" name="And I click on Organizational Groups Option" time="0"/>
  <testcase classname="Scenario: Validate Digital Workspace options scenario" name="And I verify Organizational Groups page title" time="0"/>
  <testcase classname="Scenario: Validate Digital Workspace options scenario" name="Then I return to DigitalWorkSpace page" time="0"/>
  <testcase classname="Scenario: Validate Digital Workspace options scenario" name="Scenario: Validate Digital Workspace options scenario" time="15.155"/>
</testsuite>