<?xml version="1.0" encoding="UTF-8"?>
<!-- Generated by org.testng.reporters.JUnitReportReporter -->
<testsuite hostname="DESKTOP-T371OBQ" failures="0" tests="1" name="com.BlueBird.Runner.SequentialRunnerTest" time="0.192" errors="0" timestamp="2021-04-01T15:23:36 IST" skipped="0">
  <testcase classname="com.BlueBird.Runner.SequentialRunnerTest" name="Setup" time="0.192"/>
  <system-out/>
</testsuite> <!-- com.BlueBird.Runner.SequentialRunnerTest -->
